-------------------------------------------------------------------------------
Test set: com.example.LionTest
-------------------------------------------------------------------------------
Tests run: 3, Failures: 1, Errors: 0, Skipped: 0, Time elapsed: 0.027 s <<< FAILURE! - in com.example.LionTest
foodIsCorrect(com.example.LionTest)  Time elapsed: 0.011 s  <<< FAILURE!
java.lang.AssertionError: 
Некорректный список еды
Expected: <[Баранина]>
     but: was <[]>
	at com.example.LionTest.foodIsCorrect(LionTest.java:51)

