-------------------------------------------------------------------------------
Test set: com.example.LionTest
-------------------------------------------------------------------------------
Tests run: 3, Failures: 1, Errors: 0, Skipped: 0, Time elapsed: 0.028 s <<< FAILURE! - in com.example.LionTest
foodIsCorrectTest(com.example.LionTest)  Time elapsed: 0.016 s  <<< FAILURE!
java.lang.AssertionError: expected:<[Животные, Птицы, Рыба]> but was:<[]>
	at com.example.LionTest.foodIsCorrectTest(LionTest.java:49)

