<?xml version="1.0" encoding="UTF-8"?>
<testsuite xmlns:xsi="http://www.w3.org/2001/XMLSchema-instance" xsi:noNamespaceSchemaLocation="https://maven.apache.org/surefire/maven-surefire-plugin/xsd/surefire-test-report.xsd" name="com.example.LionTest" time="0.004" tests="3" errors="0" skipped="0" failures="0">
  <properties>
[...]
</properties>
  <testcase name="createLionThrowsExceptionTest" classname="com.example.LionTest" time="0.002"/>
  <testcase name="kittensIsCorrectTest" classname="com.example.LionTest" time="0.001"/>
  <testcase name="foodIsCorrectTest" classname="com.example.LionTest" time="0.001"/>
</testsuite>